<?xml version="1.0" encoding="UTF-8"?>
<!-- Generated by org.testng.reporters.JUnitReportReporter -->
<testsuite hostname="Abhishek" failures="0" tests="1" name="chromeDevTools.RemoteDriverTest" time="5.489" errors="0" timestamp="2024-05-02T12:50:53 IST" skipped="0">
  <testcase classname="chromeDevTools.RemoteDriverTest" name="test" time="5.489"/>
  <system-out/>
</testsuite> <!-- chromeDevTools.RemoteDriverTest -->
