<?xml version="1.0" encoding="UTF-8"?>
<!-- Generated by org.testng.reporters.JUnitReportReporter -->
<testsuite hostname="Abhishek" failures="0" tests="6" name="parallelscript.SampleOneTest" time="0.051" errors="0" timestamp="2024-04-30T00:02:13 IST" skipped="0">
  <testcase classname="parallelscript.SampleOneTest" name="testFour" time="0.012"/>
  <system-out/>
  <testcase classname="parallelscript.SampleOneTest" name="testFour" time="0.002"/>
  <system-out/>
  <testcase classname="parallelscript.SampleOneTest" name="testFour" time="0.010"/>
  <system-out/>
  <testcase classname="parallelscript.SampleOneTest" name="testFour" time="0.013"/>
  <system-out/>
  <testcase classname="parallelscript.SampleOneTest" name="testFour" time="0.003"/>
  <system-out/>
  <testcase classname="parallelscript.SampleOneTest" name="testFour" time="0.011"/>
  <system-out/>
</testsuite> <!-- parallelscript.SampleOneTest -->
