<?xml version="1.0" encoding="UTF-8"?>
<!-- Generated by org.testng.reporters.JUnitReportReporter -->
<testsuite hostname="EC2AMAZ-S11DBRH" failures="0" tests="1" name="testScripts.LoginPageTest" time="12.597" errors="0" timestamp="2024-04-26T04:15:33 GMT" skipped="0">
  <testcase classname="testScripts.LoginPageTest" name="validLogin" time="12.597"/>
  <system-out/>
</testsuite> <!-- testScripts.LoginPageTest -->
