<?xml version="1.0" encoding="UTF-8"?>
<!-- Generated by org.testng.reporters.JUnitReportReporter -->
<testsuite hostname="Abhishek" failures="0" tests="1" name="testScripts.CDPTest" time="5.418" errors="0" timestamp="2024-05-02T10:19:52 IST" skipped="0">
  <testcase classname="testScripts.CDPTest" name="geoLocationTest" time="5.418"/>
  <system-out/>
</testsuite> <!-- testScripts.CDPTest -->
