<?xml version="1.0" encoding="UTF-8"?>
<!-- Generated by org.testng.reporters.JUnitReportReporter -->
<testsuite hostname="EC2AMAZ-S11DBRH" failures="0" tests="1" name="testScripts.SampleThreeTest" time="0.001" errors="0" timestamp="2024-04-26T06:37:48 GMT" skipped="0">
  <testcase classname="testScripts.SampleThreeTest" name="testFour" time="0.001"/>
  <system-out/>
</testsuite> <!-- testScripts.SampleThreeTest -->
