<?xml version="1.0" encoding="UTF-8"?>
<!-- Generated by org.testng.reporters.JUnitReportReporter -->
<testsuite hostname="EC2AMAZ-S11DBRH" failures="0" tests="4" name="parallelscript.SampleOneTest" time="0.018" errors="0" timestamp="2024-04-26T07:28:55 GMT" skipped="0">
  <testcase classname="parallelscript.SampleOneTest" name="testOne" time="0.005"/>
  <system-out/>
  <testcase classname="parallelscript.SampleOneTest" name="testThree" time="0.001"/>
  <system-out/>
  <testcase classname="parallelscript.SampleOneTest" name="testFour" time="0.011"/>
  <system-out/>
  <testcase classname="parallelscript.SampleOneTest" name="testTwo" time="0.001"/>
  <system-out/>
</testsuite> <!-- parallelscript.SampleOneTest -->
