<?xml version="1.0" encoding="UTF-8"?>
<!-- Generated by org.testng.reporters.JUnitReportReporter -->
<testsuite hostname="Abhishek" failures="0" tests="1" name="testScripts.LoginPageTest" time="12.871" errors="0" timestamp="2024-05-01T00:50:43 IST" skipped="0">
  <testcase classname="testScripts.LoginPageTest" name="validLogin" time="12.871"/>
  <system-out/>
</testsuite> <!-- testScripts.LoginPageTest -->
